<html>
<head>
<title>TestNG:  Test1</title>
<link href="../testng.css" rel="stylesheet" type="text/css" />
<link href="../my-testng.css" rel="stylesheet" type="text/css" />

<style type="text/css">
.log { display: none;} 
.stack-trace { display: none;} 
</style>
<script type="text/javascript">
<!--
function flip(e) {
  current = e.style.display;
  if (current == 'block') {
    e.style.display = 'none';
    return 0;
  }
  else {
    e.style.display = 'block';
    return 1;
  }
}

function toggleBox(szDivId, elem, msg1, msg2)
{
  var res = -1;  if (document.getElementById) {
    res = flip(document.getElementById(szDivId));
  }
  else if (document.all) {
    // this is the way old msie versions work
    res = flip(document.all[szDivId]);
  }
  if(elem) {
    if(res == 0) elem.innerHTML = msg1; else elem.innerHTML = msg2;
  }

}

function toggleAllBoxes() {
  if (document.getElementsByTagName) {
    d = document.getElementsByTagName('div');
    for (i = 0; i < d.length; i++) {
      if (d[i].className == 'log') {
        flip(d[i]);
      }
    }
  }
}

// -->
</script>

</head>
<body>
<h2 align='center'>Test1</h2><table border='1' align="center">
<tr>
<td>Tests passed/Failed/Skipped:</td><td>1/1/0</td>
</tr><tr>
<td>Started on:</td><td>Tue Aug 08 18:26:28 AEST 2023</td>
</tr>
<tr><td>Total time:</td><td>110 seconds (110352 ms)</td>
</tr><tr>
<td>Included groups:</td><td></td>
</tr><tr>
<td>Excluded groups:</td><td></td>
</tr>
</table><p/>
<small><i>(Hover the method name to see the test class name)</i></small><p/>
<table width='100%' border='1' class='invocation-failed'>
<tr><td colspan='4' align='center'><b>FAILED TESTS</b></td></tr>
<tr><td><b>Test method</b></td>
<td width="30%"><b>Exception</b></td>
<td width="10%"><b>Time (seconds)</b></td>
<td><b>Instance</b></td>
</tr>
<tr>
<td title='com.pCloudy.testNG.Runner.FailTheTest()'><b>FailTheTest</b><br>Test class: com.pCloudy.testNG.Runner</td>
<td><div><pre>org.openqa.selenium.NoSuchElementException: An element could not be located on the page using the given search parameters.
For documentation on this error, please visit: https://www.seleniumhq.org/exceptions/no_such_element.html
Build info: version: &apos;3.141.59&apos;, revision: &apos;e82be7d358&apos;, time: &apos;2018-11-14T08:17:03&apos;
System info: host: &apos;Nileshs-MacBook-Pro.local&apos;, ip: &apos;fe80:0:0:0:14c7:3e94:ebe4:ab8e%en0&apos;, os.name: &apos;Mac OS X&apos;, os.arch: &apos;x86_64&apos;, os.version: &apos;12.2.1&apos;, java.version: &apos;17.0.3&apos;
Driver info: io.appium.java_client.android.AndroidDriver
Capabilities {app: /opt/raid-data/data/user/12..., appActivity: com.ba.mobile.LaunchActivity, appPackage: com.pcloudy.appiumdemo, automationName: uiautomator2, build: Build_600, databaseEnabled: false, desired: {app: /opt/raid-data/data/user/12..., appActivity: com.ba.mobile.LaunchActivity, appPackage: com.pcloudy.appiumdemo, automationName: uiautomator2, build: Build_600, deviceName: 496, launchTimeout: 90000, name: FailTheTest, newCommandTimeout: 600, pCloudy_ApiKey: js45jq5c4wf22jmb9628wsm8, pCloudy_ApplicationName: pCloudy_Appium_Demo-1666933..., pCloudy_DeviceManafacturer: Samsung, pCloudy_DurationInMinutes: 10, pCloudy_EnableDeviceLogs: true, pCloudy_EnablePerformanceData: true, pCloudy_EnableVideo: true, pCloudy_Username: nilesh.tarale@sstsinc.com, platformName: android, platformVersion: 13, project: Prtesting_webapp, systemPort: 30154, tag: Android}, deviceApiLevel: 33, deviceManufacturer: samsung, deviceModel: SM-A725F, deviceName: RZ8R70FVAWA, deviceScreenDensity: 450, deviceScreenSize: 1080x2400, deviceUDID: RZ8R70FVAWA, javascriptEnabled: true, launchTimeout: 90000, locationContextEnabled: false, name: FailTheTest, networkConnectionEnabled: true, newCommandTimeout: 600, pCloudy_ApiKey: js45jq5c4wf22jmb9628wsm8, pCloudy_ApplicationName: pCloudy_Appium_Demo-1666933..., pCloudy_DeviceManafacturer: Samsung, pCloudy_DurationInMinutes: 10, pCloudy_EnableDeviceLogs: true, pCloudy_EnablePerformanceData: true, pCloudy_EnableVideo: true, pCloudy_Username: nilesh.tarale@sstsinc.com, pixelRatio: 2.8125, platform: LINUX, platformName: Android, platformVersion: 13, project: Prtesting_webapp, statBarHeight: 86, systemPort: 30154, tag: Android, takesScreenshot: true, viewportRect: {height: 2093, left: 0, top: 86, width: 1080}, warnings: {}, webStorageEnabled: false}
Session ID: 7ccd5741-8d75-4e5f-ac57-ec5d050accb7
*** Element info: {Using=xpath, value=//android.widget.Button[@resource-id=&apos;com.pcloudy.appiumdemo:id/flightButton1&apos;]}
	at org.openqa.selenium.remote.http.W3CHttpResponseCodec.createException(W3CHttpResponseCodec.java:187)
	at org.openqa.selenium.remote.http.W3CHttpResponseCodec.decode(W3CHttpResponseCodec.java:122)
	at org.openqa.selenium.remote.http.W3CHttpResponseCodec.decode(W3CHttpResponseCodec.java:49)
	at org.openqa.selenium.remote.HttpCommandExecutor.execute(HttpCommandExecutor.java:158)
	at io.appium.java_client.remote.AppiumCommandExecutor.execute(AppiumCommandExecutor.java:239)
	at org.openqa.selenium.remote.RemoteWebDriver.execute(RemoteWebDriver.java:552)
	at io.appium.java_client.DefaultGenericMobileDriver.execute(DefaultGenericMobileDriver.java:41)
	at io.appium.java_client.AppiumDriver.execute(AppiumDriver.java:1)
	at io.appium.java_client.android.AndroidDriver.execute(AndroidDriver.java:1)
	at org.openqa.selenium.remote.RemoteWebDriver.findElement(RemoteWebDriver.java:323)
	at io.appium.java_client.DefaultGenericMobileDriver.findElement(DefaultGenericMobileDriver.java:61)
	at io.appium.java_client.AppiumDriver.findElement(AppiumDriver.java:1)
	at io.appium.java_client.android.AndroidDriver.findElement(AndroidDriver.java:1)
	at org.openqa.selenium.remote.RemoteWebDriver.findElementByXPath(RemoteWebDriver.java:428)
	at io.appium.java_client.DefaultGenericMobileDriver.findElementByXPath(DefaultGenericMobileDriver.java:151)
	at io.appium.java_client.AppiumDriver.findElementByXPath(AppiumDriver.java:1)
	at io.appium.java_client.android.AndroidDriver.findElementByXPath(AndroidDriver.java:1)
	at org.openqa.selenium.By$ByXPath.findElement(By.java:353)
	at org.openqa.selenium.remote.RemoteWebDriver.findElement(RemoteWebDriver.java:315)
	at io.appium.java_client.DefaultGenericMobileDriver.findElement(DefaultGenericMobileDriver.java:57)
	at io.appium.java_client.AppiumDriver.findElement(AppiumDriver.java:1)
	at io.appium.java_client.android.AndroidDriver.findElement(AndroidDriver.java:1)
	at com.pCloudy.testNG.Runner.FailTheTest(Runner.java:118)
	at java.base/java.util.concurrent.FutureTask.run(FutureTask.java:264)
	at java.base/java.util.concurrent.ThreadPoolExecutor.runWorker(ThreadPoolExecutor.java:1136)
	at java.base/java.util.concurrent.ThreadPoolExecutor$Worker.run(ThreadPoolExecutor.java:635)
	at java.base/java.lang.Thread.run(Thread.java:833)
... Removed 21 stack frames</pre></div><a href='#' onClick='toggleBox("stack-trace209526290", this, "Click to show all stack frames", "Click to hide stack frames")'>Click to show all stack frames</a>
<div class='stack-trace' id='stack-trace209526290'><pre>org.openqa.selenium.NoSuchElementException: An element could not be located on the page using the given search parameters.
For documentation on this error, please visit: https://www.seleniumhq.org/exceptions/no_such_element.html
Build info: version: &apos;3.141.59&apos;, revision: &apos;e82be7d358&apos;, time: &apos;2018-11-14T08:17:03&apos;
System info: host: &apos;Nileshs-MacBook-Pro.local&apos;, ip: &apos;fe80:0:0:0:14c7:3e94:ebe4:ab8e%en0&apos;, os.name: &apos;Mac OS X&apos;, os.arch: &apos;x86_64&apos;, os.version: &apos;12.2.1&apos;, java.version: &apos;17.0.3&apos;
Driver info: io.appium.java_client.android.AndroidDriver
Capabilities {app: /opt/raid-data/data/user/12..., appActivity: com.ba.mobile.LaunchActivity, appPackage: com.pcloudy.appiumdemo, automationName: uiautomator2, build: Build_600, databaseEnabled: false, desired: {app: /opt/raid-data/data/user/12..., appActivity: com.ba.mobile.LaunchActivity, appPackage: com.pcloudy.appiumdemo, automationName: uiautomator2, build: Build_600, deviceName: 496, launchTimeout: 90000, name: FailTheTest, newCommandTimeout: 600, pCloudy_ApiKey: js45jq5c4wf22jmb9628wsm8, pCloudy_ApplicationName: pCloudy_Appium_Demo-1666933..., pCloudy_DeviceManafacturer: Samsung, pCloudy_DurationInMinutes: 10, pCloudy_EnableDeviceLogs: true, pCloudy_EnablePerformanceData: true, pCloudy_EnableVideo: true, pCloudy_Username: nilesh.tarale@sstsinc.com, platformName: android, platformVersion: 13, project: Prtesting_webapp, systemPort: 30154, tag: Android}, deviceApiLevel: 33, deviceManufacturer: samsung, deviceModel: SM-A725F, deviceName: RZ8R70FVAWA, deviceScreenDensity: 450, deviceScreenSize: 1080x2400, deviceUDID: RZ8R70FVAWA, javascriptEnabled: true, launchTimeout: 90000, locationContextEnabled: false, name: FailTheTest, networkConnectionEnabled: true, newCommandTimeout: 600, pCloudy_ApiKey: js45jq5c4wf22jmb9628wsm8, pCloudy_ApplicationName: pCloudy_Appium_Demo-1666933..., pCloudy_DeviceManafacturer: Samsung, pCloudy_DurationInMinutes: 10, pCloudy_EnableDeviceLogs: true, pCloudy_EnablePerformanceData: true, pCloudy_EnableVideo: true, pCloudy_Username: nilesh.tarale@sstsinc.com, pixelRatio: 2.8125, platform: LINUX, platformName: Android, platformVersion: 13, project: Prtesting_webapp, statBarHeight: 86, systemPort: 30154, tag: Android, takesScreenshot: true, viewportRect: {height: 2093, left: 0, top: 86, width: 1080}, warnings: {}, webStorageEnabled: false}
Session ID: 7ccd5741-8d75-4e5f-ac57-ec5d050accb7
*** Element info: {Using=xpath, value=//android.widget.Button[@resource-id=&apos;com.pcloudy.appiumdemo:id/flightButton1&apos;]}
	at java.base/jdk.internal.reflect.NativeConstructorAccessorImpl.newInstance0(Native Method)
	at java.base/jdk.internal.reflect.NativeConstructorAccessorImpl.newInstance(NativeConstructorAccessorImpl.java:77)
	at java.base/jdk.internal.reflect.DelegatingConstructorAccessorImpl.newInstance(DelegatingConstructorAccessorImpl.java:45)
	at java.base/java.lang.reflect.Constructor.newInstanceWithCaller(Constructor.java:499)
	at java.base/java.lang.reflect.Constructor.newInstance(Constructor.java:480)
	at org.openqa.selenium.remote.http.W3CHttpResponseCodec.createException(W3CHttpResponseCodec.java:187)
	at org.openqa.selenium.remote.http.W3CHttpResponseCodec.decode(W3CHttpResponseCodec.java:122)
	at org.openqa.selenium.remote.http.W3CHttpResponseCodec.decode(W3CHttpResponseCodec.java:49)
	at org.openqa.selenium.remote.HttpCommandExecutor.execute(HttpCommandExecutor.java:158)
	at io.appium.java_client.remote.AppiumCommandExecutor.execute(AppiumCommandExecutor.java:239)
	at org.openqa.selenium.remote.RemoteWebDriver.execute(RemoteWebDriver.java:552)
	at io.appium.java_client.DefaultGenericMobileDriver.execute(DefaultGenericMobileDriver.java:41)
	at io.appium.java_client.AppiumDriver.execute(AppiumDriver.java:1)
	at io.appium.java_client.android.AndroidDriver.execute(AndroidDriver.java:1)
	at org.openqa.selenium.remote.RemoteWebDriver.findElement(RemoteWebDriver.java:323)
	at io.appium.java_client.DefaultGenericMobileDriver.findElement(DefaultGenericMobileDriver.java:61)
	at io.appium.java_client.AppiumDriver.findElement(AppiumDriver.java:1)
	at io.appium.java_client.android.AndroidDriver.findElement(AndroidDriver.java:1)
	at org.openqa.selenium.remote.RemoteWebDriver.findElementByXPath(RemoteWebDriver.java:428)
	at io.appium.java_client.DefaultGenericMobileDriver.findElementByXPath(DefaultGenericMobileDriver.java:151)
	at io.appium.java_client.AppiumDriver.findElementByXPath(AppiumDriver.java:1)
	at io.appium.java_client.android.AndroidDriver.findElementByXPath(AndroidDriver.java:1)
	at org.openqa.selenium.By$ByXPath.findElement(By.java:353)
	at org.openqa.selenium.remote.RemoteWebDriver.findElement(RemoteWebDriver.java:315)
	at io.appium.java_client.DefaultGenericMobileDriver.findElement(DefaultGenericMobileDriver.java:57)
	at io.appium.java_client.AppiumDriver.findElement(AppiumDriver.java:1)
	at io.appium.java_client.android.AndroidDriver.findElement(AndroidDriver.java:1)
	at com.pCloudy.testNG.Runner.FailTheTest(Runner.java:118)
	at java.base/jdk.internal.reflect.NativeMethodAccessorImpl.invoke0(Native Method)
	at java.base/jdk.internal.reflect.NativeMethodAccessorImpl.invoke(NativeMethodAccessorImpl.java:77)
	at java.base/jdk.internal.reflect.DelegatingMethodAccessorImpl.invoke(DelegatingMethodAccessorImpl.java:43)
	at java.base/java.lang.reflect.Method.invoke(Method.java:568)
	at org.testng.internal.MethodInvocationHelper.invokeMethod(MethodInvocationHelper.java:108)
	at org.testng.internal.Invoker.invokeMethod(Invoker.java:661)
	at org.testng.internal.Invoker.invokeTestMethod(Invoker.java:869)
	at org.testng.internal.Invoker.invokeTestMethods(Invoker.java:1193)
	at org.testng.internal.TestMethodWorker.invokeTestMethods(TestMethodWorker.java:126)
	at org.testng.internal.TestMethodWorker.run(TestMethodWorker.java:109)
	at org.testng.TestRunner.privateRun(TestRunner.java:744)
	at org.testng.TestRunner.run(TestRunner.java:602)
	at org.testng.SuiteRunner.runTest(SuiteRunner.java:380)
	at org.testng.SuiteRunner.access$000(SuiteRunner.java:39)
	at org.testng.SuiteRunner$SuiteWorker.run(SuiteRunner.java:414)
	at org.testng.internal.thread.ThreadUtil$1.call(ThreadUtil.java:52)
	at java.base/java.util.concurrent.FutureTask.run(FutureTask.java:264)
	at java.base/java.util.concurrent.ThreadPoolExecutor.runWorker(ThreadPoolExecutor.java:1136)
	at java.base/java.util.concurrent.ThreadPoolExecutor$Worker.run(ThreadPoolExecutor.java:635)
	at java.base/java.lang.Thread.run(Thread.java:833)
</pre></div></td>
<td>3</td>
<td>com.pCloudy.testNG.Runner@1fb700ee</td></tr>
</table><p>
<table width='100%' border='1' class='invocation-passed'>
<tr><td colspan='4' align='center'><b>PASSED TESTS</b></td></tr>
<tr><td><b>Test method</b></td>
<td width="30%"><b>Exception</b></td>
<td width="10%"><b>Time (seconds)</b></td>
<td><b>Instance</b></td>
</tr>
<tr>
<td title='com.pCloudy.testNG.Runner.SearchFlight()'><b>SearchFlight</b><br>Test class: com.pCloudy.testNG.Runner</td>
<td></td>
<td>29</td>
<td>com.pCloudy.testNG.Runner@1fb700ee</td></tr>
</table><p>
</body>
</html>